<?xml version="1.0" encoding="UTF-8"?>
<!-- Generated by org.testng.reporters.JUnitReportReporter -->
<testsuite skipped="0" hostname="MacBook-Pro-3" name="com.play.TestNGAnnotations1" tests="3" failures="0" timestamp="23 Mar 2018 03:51:33 GMT" time="0.016" errors="0">
  <testcase name="test1" time="0.007" classname="com.play.TestNGAnnotations1"/>
  <testcase name="test2" time="0.002" classname="com.play.TestNGAnnotations1"/>
  <testcase name="test3" time="0.007" classname="com.play.TestNGAnnotations1"/>
</testsuite> <!-- com.play.TestNGAnnotations1 -->
