<?xml version="1.0" encoding="UTF-8"?>
<!-- Generated by org.testng.reporters.JUnitReportReporter -->
<testsuite skipped="0" hostname="MacBook-Pro-3" name="com.play.TestNGAnnotations1" tests="1" failures="0" timestamp="07 Apr 2018 05:32:42 GMT" time="0.002" errors="0">
  <testcase name="test3" time="0.002" classname="com.play.TestNGAnnotations1"/>
</testsuite> <!-- com.play.TestNGAnnotations1 -->
