<?xml version="1.0" encoding="UTF-8"?>
<!-- Generated by org.testng.reporters.JUnitReportReporter -->
<testsuite skipped="0" hostname="MacBook-Pro-3" name="com.play.TestNGAnnotations2" tests="1" failures="0" timestamp="07 Apr 2018 05:32:42 GMT" time="0.000" errors="0">
  <testcase name="test2" time="0.000" classname="com.play.TestNGAnnotations2"/>
</testsuite> <!-- com.play.TestNGAnnotations2 -->
